mode: set
github.com/opd-ai/paywall/construct.go:25.54,27.16 2 1
github.com/opd-ai/paywall/construct.go:27.16,29.3 1 0
github.com/opd-ai/paywall/construct.go:30.2,30.16 1 1
github.com/opd-ai/paywall/construct.go:30.16,32.3 1 1
github.com/opd-ai/paywall/construct.go:34.2,50.16 4 1
github.com/opd-ai/paywall/construct.go:50.16,52.3 1 0
github.com/opd-ai/paywall/construct.go:55.2,59.73 3 1
github.com/opd-ai/paywall/construct.go:59.73,62.17 2 1
github.com/opd-ai/paywall/construct.go:62.17,64.4 1 1
github.com/opd-ai/paywall/construct.go:66.3,66.83 1 0
github.com/opd-ai/paywall/construct.go:66.83,68.4 1 0
github.com/opd-ai/paywall/construct.go:69.8,71.3 1 0
github.com/opd-ai/paywall/construct.go:74.2,76.16 2 0
github.com/opd-ai/paywall/encryptedfilestore.go:25.79,26.19 1 0
github.com/opd-ai/paywall/encryptedfilestore.go:26.19,28.3 1 0
github.com/opd-ai/paywall/encryptedfilestore.go:31.2,32.51 2 0
github.com/opd-ai/paywall/encryptedfilestore.go:32.51,34.3 1 0
github.com/opd-ai/paywall/encryptedfilestore.go:37.2,38.16 2 0
github.com/opd-ai/paywall/encryptedfilestore.go:38.16,40.3 1 0
github.com/opd-ai/paywall/encryptedfilestore.go:43.2,44.16 2 0
github.com/opd-ai/paywall/encryptedfilestore.go:44.16,46.3 1 0
github.com/opd-ai/paywall/encryptedfilestore.go:49.2,50.16 2 0
github.com/opd-ai/paywall/encryptedfilestore.go:50.16,52.3 1 0
github.com/opd-ai/paywall/encryptedfilestore.go:54.2,59.8 1 0
github.com/opd-ai/paywall/encryptedfilestore.go:62.56,65.34 2 0
github.com/opd-ai/paywall/encryptedfilestore.go:65.34,67.3 1 0
github.com/opd-ai/paywall/encryptedfilestore.go:70.2,71.57 2 0
github.com/opd-ai/paywall/encryptedfilestore.go:71.57,73.3 1 0
github.com/opd-ai/paywall/encryptedfilestore.go:76.2,76.58 1 0
github.com/opd-ai/paywall/encryptedfilestore.go:76.58,78.3 1 0
github.com/opd-ai/paywall/encryptedfilestore.go:80.2,80.17 1 0
github.com/opd-ai/paywall/encryptedfilestore.go:83.67,85.59 2 0
github.com/opd-ai/paywall/encryptedfilestore.go:85.59,87.3 1 0
github.com/opd-ai/paywall/encryptedfilestore.go:88.2,88.49 1 0
github.com/opd-ai/paywall/encryptedfilestore.go:91.67,93.27 2 0
github.com/opd-ai/paywall/encryptedfilestore.go:93.27,95.3 1 0
github.com/opd-ai/paywall/encryptedfilestore.go:96.2,97.48 2 0
github.com/opd-ai/paywall/encryptedfilestore.go:101.62,107.16 4 0
github.com/opd-ai/paywall/encryptedfilestore.go:107.16,109.3 1 0
github.com/opd-ai/paywall/encryptedfilestore.go:111.2,112.16 2 0
github.com/opd-ai/paywall/encryptedfilestore.go:112.16,114.3 1 0
github.com/opd-ai/paywall/encryptedfilestore.go:116.2,117.49 2 0
github.com/opd-ai/paywall/encryptedfilestore.go:121.70,127.16 5 0
github.com/opd-ai/paywall/encryptedfilestore.go:127.16,128.25 1 0
github.com/opd-ai/paywall/encryptedfilestore.go:128.25,130.4 1 0
github.com/opd-ai/paywall/encryptedfilestore.go:131.3,131.18 1 0
github.com/opd-ai/paywall/encryptedfilestore.go:134.2,135.16 2 0
github.com/opd-ai/paywall/encryptedfilestore.go:135.16,137.3 1 0
github.com/opd-ai/paywall/encryptedfilestore.go:139.2,140.55 2 0
github.com/opd-ai/paywall/encryptedfilestore.go:140.55,142.3 1 0
github.com/opd-ai/paywall/encryptedfilestore.go:144.2,144.22 1 0
github.com/opd-ai/paywall/encryptedfilestore.go:148.62,153.16 4 0
github.com/opd-ai/paywall/encryptedfilestore.go:153.16,155.3 1 0
github.com/opd-ai/paywall/encryptedfilestore.go:157.2,158.16 2 0
github.com/opd-ai/paywall/encryptedfilestore.go:158.16,160.3 1 0
github.com/opd-ai/paywall/encryptedfilestore.go:162.2,163.49 2 0
github.com/opd-ai/paywall/encryptedfilestore.go:167.72,172.16 4 0
github.com/opd-ai/paywall/encryptedfilestore.go:172.16,174.3 1 0
github.com/opd-ai/paywall/encryptedfilestore.go:176.2,177.29 2 0
github.com/opd-ai/paywall/encryptedfilestore.go:177.29,178.42 1 0
github.com/opd-ai/paywall/encryptedfilestore.go:178.42,179.12 1 0
github.com/opd-ai/paywall/encryptedfilestore.go:182.3,183.17 2 0
github.com/opd-ai/paywall/encryptedfilestore.go:183.17,184.12 1 0
github.com/opd-ai/paywall/encryptedfilestore.go:187.3,188.17 2 0
github.com/opd-ai/paywall/encryptedfilestore.go:188.17,189.12 1 0
github.com/opd-ai/paywall/encryptedfilestore.go:192.3,193.56 2 0
github.com/opd-ai/paywall/encryptedfilestore.go:193.56,194.12 1 0
github.com/opd-ai/paywall/encryptedfilestore.go:197.3,197.32 1 0
github.com/opd-ai/paywall/encryptedfilestore.go:197.32,199.4 1 0
github.com/opd-ai/paywall/encryptedfilestore.go:202.2,202.22 1 0
github.com/opd-ai/paywall/encryptedfilestore.go:206.81,211.16 4 0
github.com/opd-ai/paywall/encryptedfilestore.go:211.16,213.3 1 0
github.com/opd-ai/paywall/encryptedfilestore.go:215.2,215.29 1 0
github.com/opd-ai/paywall/encryptedfilestore.go:215.29,216.42 1 0
github.com/opd-ai/paywall/encryptedfilestore.go:216.42,217.12 1 0
github.com/opd-ai/paywall/encryptedfilestore.go:220.3,221.17 2 0
github.com/opd-ai/paywall/encryptedfilestore.go:221.17,222.12 1 0
github.com/opd-ai/paywall/encryptedfilestore.go:225.3,226.17 2 0
github.com/opd-ai/paywall/encryptedfilestore.go:226.17,227.12 1 0
github.com/opd-ai/paywall/encryptedfilestore.go:230.3,231.56 2 0
github.com/opd-ai/paywall/encryptedfilestore.go:231.56,232.12 1 0
github.com/opd-ai/paywall/encryptedfilestore.go:235.3,235.48 1 0
github.com/opd-ai/paywall/encryptedfilestore.go:235.48,237.4 1 0
github.com/opd-ai/paywall/encryptedfilestore.go:238.3,238.47 1 0
github.com/opd-ai/paywall/encryptedfilestore.go:238.47,240.4 1 0
github.com/opd-ai/paywall/encryptedfilestore.go:243.2,243.17 1 0
github.com/opd-ai/paywall/filestore.go:37.43,40.19 2 1
github.com/opd-ai/paywall/filestore.go:40.19,42.3 1 0
github.com/opd-ai/paywall/filestore.go:43.2,44.37 2 1
github.com/opd-ai/paywall/filestore.go:57.53,62.16 4 0
github.com/opd-ai/paywall/filestore.go:62.16,64.3 1 0
github.com/opd-ai/paywall/filestore.go:66.2,67.44 2 0
github.com/opd-ai/paywall/filestore.go:80.61,86.16 5 0
github.com/opd-ai/paywall/filestore.go:86.16,87.25 1 0
github.com/opd-ai/paywall/filestore.go:87.25,89.4 1 0
github.com/opd-ai/paywall/filestore.go:90.3,90.18 1 0
github.com/opd-ai/paywall/filestore.go:93.2,94.55 2 0
github.com/opd-ai/paywall/filestore.go:94.55,96.3 1 0
github.com/opd-ai/paywall/filestore.go:98.2,98.22 1 0
github.com/opd-ai/paywall/filestore.go:111.53,116.16 4 0
github.com/opd-ai/paywall/filestore.go:116.16,118.3 1 0
github.com/opd-ai/paywall/filestore.go:120.2,121.44 2 0
github.com/opd-ai/paywall/filestore.go:135.63,140.16 4 0
github.com/opd-ai/paywall/filestore.go:140.16,142.3 1 0
github.com/opd-ai/paywall/filestore.go:144.2,145.29 2 0
github.com/opd-ai/paywall/filestore.go:145.29,146.43 1 0
github.com/opd-ai/paywall/filestore.go:146.43,147.12 1 0
github.com/opd-ai/paywall/filestore.go:150.3,151.17 2 0
github.com/opd-ai/paywall/filestore.go:151.17,153.12 2 0
github.com/opd-ai/paywall/filestore.go:156.3,157.56 2 0
github.com/opd-ai/paywall/filestore.go:157.56,159.12 2 0
github.com/opd-ai/paywall/filestore.go:162.3,162.32 1 0
github.com/opd-ai/paywall/filestore.go:162.32,164.4 1 0
github.com/opd-ai/paywall/filestore.go:167.2,167.22 1 0
github.com/opd-ai/paywall/filestore.go:184.72,189.16 4 0
github.com/opd-ai/paywall/filestore.go:189.16,191.3 1 0
github.com/opd-ai/paywall/filestore.go:193.2,193.29 1 0
github.com/opd-ai/paywall/filestore.go:193.29,194.43 1 0
github.com/opd-ai/paywall/filestore.go:194.43,195.12 1 0
github.com/opd-ai/paywall/filestore.go:198.3,199.17 2 0
github.com/opd-ai/paywall/filestore.go:199.17,200.12 1 0
github.com/opd-ai/paywall/filestore.go:203.3,204.56 2 0
github.com/opd-ai/paywall/filestore.go:204.56,205.12 1 0
github.com/opd-ai/paywall/filestore.go:208.3,208.48 1 0
github.com/opd-ai/paywall/filestore.go:208.48,210.4 1 0
github.com/opd-ai/paywall/filestore.go:211.3,211.47 1 0
github.com/opd-ai/paywall/filestore.go:211.47,213.4 1 0
github.com/opd-ai/paywall/filestore.go:216.2,216.17 1 0
github.com/opd-ai/paywall/handlers.go:29.78,30.73 1 0
github.com/opd-ai/paywall/handlers.go:30.73,32.3 1 0
github.com/opd-ai/paywall/handlers.go:33.2,34.16 2 0
github.com/opd-ai/paywall/handlers.go:34.16,40.3 3 0
github.com/opd-ai/paywall/handlers.go:42.2,54.52 3 0
github.com/opd-ai/paywall/handlers.go:54.52,58.3 3 0
github.com/opd-ai/paywall/handlers.go:78.85,81.20 3 0
github.com/opd-ai/paywall/handlers.go:81.20,84.3 2 0
github.com/opd-ai/paywall/handlers.go:86.2,86.56 1 0
github.com/opd-ai/paywall/handlers.go:86.56,89.3 2 0
github.com/opd-ai/paywall/handlers.go:91.2,91.77 1 0
github.com/opd-ai/paywall/handlers.go:91.77,94.3 2 0
github.com/opd-ai/paywall/handlers.go:95.2,95.14 1 0
github.com/opd-ai/paywall/memstore.go:24.36,28.2 1 0
github.com/opd-ai/paywall/memstore.go:37.55,42.2 4 0
github.com/opd-ai/paywall/memstore.go:52.63,56.2 3 0
github.com/opd-ai/paywall/memstore.go:65.55,70.2 4 0
github.com/opd-ai/paywall/memstore.go:77.65,82.31 4 0
github.com/opd-ai/paywall/memstore.go:82.31,83.26 1 0
github.com/opd-ai/paywall/memstore.go:83.26,85.4 1 0
github.com/opd-ai/paywall/memstore.go:87.2,87.22 1 0
github.com/opd-ai/paywall/memstore.go:98.74,102.31 3 0
github.com/opd-ai/paywall/memstore.go:102.31,103.80 1 0
github.com/opd-ai/paywall/memstore.go:103.80,105.4 1 0
github.com/opd-ai/paywall/memstore.go:107.2,107.17 1 0
github.com/opd-ai/paywall/middleware.go:38.62,39.71 1 0
github.com/opd-ai/paywall/middleware.go:39.71,42.17 2 0
github.com/opd-ai/paywall/middleware.go:42.17,48.36 4 0
github.com/opd-ai/paywall/middleware.go:48.36,49.82 1 0
github.com/opd-ai/paywall/middleware.go:49.82,53.6 2 0
github.com/opd-ai/paywall/middleware.go:54.5,54.80 1 0
github.com/opd-ai/paywall/middleware.go:54.80,58.6 2 0
github.com/opd-ai/paywall/middleware.go:63.3,64.17 2 0
github.com/opd-ai/paywall/middleware.go:64.17,67.4 2 0
github.com/opd-ai/paywall/middleware.go:68.3,83.34 3 0
github.com/opd-ai/paywall/middleware.go:87.70,89.2 1 0
github.com/opd-ai/paywall/middleware.go:91.78,93.2 1 0
github.com/opd-ai/paywall/paywall.go:89.50,91.32 1 1
github.com/opd-ai/paywall/paywall.go:91.32,93.3 1 0
github.com/opd-ai/paywall/paywall.go:95.2,96.43 2 1
github.com/opd-ai/paywall/paywall.go:96.43,98.3 1 0
github.com/opd-ai/paywall/paywall.go:100.2,101.16 2 1
github.com/opd-ai/paywall/paywall.go:101.16,103.3 1 0
github.com/opd-ai/paywall/paywall.go:104.2,104.26 1 1
github.com/opd-ai/paywall/paywall.go:104.26,106.3 1 1
github.com/opd-ai/paywall/paywall.go:108.2,108.30 1 1
github.com/opd-ai/paywall/paywall.go:108.30,110.14 2 1
github.com/opd-ai/paywall/paywall.go:110.14,112.4 1 0
github.com/opd-ai/paywall/paywall.go:113.3,113.28 1 1
github.com/opd-ai/paywall/paywall.go:115.2,115.25 1 1
github.com/opd-ai/paywall/paywall.go:115.25,117.3 1 1
github.com/opd-ai/paywall/paywall.go:119.2,119.53 1 1
github.com/opd-ai/paywall/paywall.go:119.53,121.3 1 0
github.com/opd-ai/paywall/paywall.go:122.2,122.61 1 1
github.com/opd-ai/paywall/paywall.go:122.61,124.3 1 0
github.com/opd-ai/paywall/paywall.go:126.2,131.16 2 1
github.com/opd-ai/paywall/paywall.go:131.16,133.3 1 1
github.com/opd-ai/paywall/paywall.go:135.2,136.16 2 1
github.com/opd-ai/paywall/paywall.go:136.16,138.3 1 0
github.com/opd-ai/paywall/paywall.go:139.2,139.33 1 1
github.com/opd-ai/paywall/paywall.go:139.33,141.3 1 0
github.com/opd-ai/paywall/paywall.go:142.2,144.24 3 1
github.com/opd-ai/paywall/paywall.go:144.24,146.3 1 0
github.com/opd-ai/paywall/paywall.go:147.2,149.24 3 1
github.com/opd-ai/paywall/paywall.go:149.24,151.3 1 0
github.com/opd-ai/paywall/paywall.go:153.2,170.24 5 1
github.com/opd-ai/paywall/paywall.go:170.24,172.3 1 0
github.com/opd-ai/paywall/paywall.go:173.2,175.15 3 1
github.com/opd-ai/paywall/paywall.go:178.27,181.2 2 0
github.com/opd-ai/paywall/paywall.go:183.54,185.2 1 0
github.com/opd-ai/paywall/paywall.go:187.54,188.46 1 0
github.com/opd-ai/paywall/paywall.go:188.46,191.3 2 0
github.com/opd-ai/paywall/paywall.go:192.2,193.16 2 0
github.com/opd-ai/paywall/paywall.go:193.16,195.3 1 0
github.com/opd-ai/paywall/paywall.go:196.2,196.24 1 0
github.com/opd-ai/paywall/paywall.go:199.70,201.16 2 0
github.com/opd-ai/paywall/paywall.go:201.16,203.3 1 0
github.com/opd-ai/paywall/paywall.go:204.2,205.16 2 0
github.com/opd-ai/paywall/paywall.go:205.16,207.3 1 0
github.com/opd-ai/paywall/paywall.go:208.2,210.22 3 0
github.com/opd-ai/paywall/paywall.go:210.22,212.3 1 0
github.com/opd-ai/paywall/paywall.go:213.2,213.23 1 0
github.com/opd-ai/paywall/paywall.go:224.53,226.16 2 0
github.com/opd-ai/paywall/paywall.go:226.16,228.3 1 0
github.com/opd-ai/paywall/paywall.go:230.2,231.16 2 0
github.com/opd-ai/paywall/paywall.go:231.16,233.3 1 0
github.com/opd-ai/paywall/paywall.go:235.2,244.55 2 0
github.com/opd-ai/paywall/paywall.go:244.55,246.3 1 0
github.com/opd-ai/paywall/paywall.go:248.2,248.21 1 0
github.com/opd-ai/paywall/paywall.go:257.42,259.40 2 0
github.com/opd-ai/paywall/paywall.go:259.40,261.3 1 0
github.com/opd-ai/paywall/paywall.go:262.2,262.35 1 0
github.com/opd-ai/paywall/verification.go:52.57,54.12 2 1
github.com/opd-ai/paywall/verification.go:54.12,56.7 2 1
github.com/opd-ai/paywall/verification.go:56.7,57.11 1 1
github.com/opd-ai/paywall/verification.go:58.22,60.11 2 0
github.com/opd-ai/paywall/verification.go:61.20,62.29 1 0
github.com/opd-ai/paywall/verification.go:79.53,83.16 4 0
github.com/opd-ai/paywall/verification.go:83.16,86.3 2 0
github.com/opd-ai/paywall/verification.go:88.2,88.35 1 0
github.com/opd-ai/paywall/verification.go:88.35,89.53 1 0
github.com/opd-ai/paywall/verification.go:89.53,92.4 1 0
github.com/opd-ai/paywall/verification.go:93.3,93.53 1 0
github.com/opd-ai/paywall/verification.go:93.53,96.4 1 0
github.com/opd-ai/paywall/verification.go:100.71,104.13 4 0
github.com/opd-ai/paywall/verification.go:104.13,106.3 1 0
github.com/opd-ai/paywall/verification.go:107.2,108.16 2 0
github.com/opd-ai/paywall/verification.go:108.16,110.3 1 0
github.com/opd-ai/paywall/verification.go:112.2,112.50 1 0
github.com/opd-ai/paywall/verification.go:112.50,114.17 2 0
github.com/opd-ai/paywall/verification.go:114.17,116.4 1 0
github.com/opd-ai/paywall/verification.go:118.3,118.50 1 0
github.com/opd-ai/paywall/verification.go:118.50,122.4 3 0
github.com/opd-ai/paywall/verification.go:124.2,124.12 1 0
github.com/opd-ai/paywall/verification.go:127.71,132.13 4 0
github.com/opd-ai/paywall/verification.go:132.13,134.3 1 0
github.com/opd-ai/paywall/verification.go:135.2,136.16 2 0
github.com/opd-ai/paywall/verification.go:136.16,138.3 1 0
github.com/opd-ai/paywall/verification.go:140.2,140.51 1 0
github.com/opd-ai/paywall/verification.go:140.51,141.34 1 0
github.com/opd-ai/paywall/verification.go:141.34,143.4 1 0
github.com/opd-ai/paywall/verification.go:144.3,145.17 2 0
github.com/opd-ai/paywall/verification.go:145.17,147.4 1 0
github.com/opd-ai/paywall/verification.go:149.3,149.50 1 0
github.com/opd-ai/paywall/verification.go:149.50,153.4 3 0
github.com/opd-ai/paywall/verification.go:155.2,155.12 1 0
github.com/opd-ai/paywall/verification.go:160.38,162.2 1 0
